{"D:\\prego\\src\\Functions\\function.jsx": {"path":"D:\\prego\\src\\Functions\\function.jsx","all":false,"statementMap":{"0":{"start":{"line":1,"column":0},"end":{"line":1,"column":51}},"1":{"start":{"line":2,"column":0},"end":{"line":2,"column":48}},"2":{"start":{"line":3,"column":0},"end":{"line":3,"column":51}},"3":{"start":{"line":4,"column":0},"end":{"line":4,"column":83}},"4":{"start":{"line":5,"column":0},"end":{"line":5,"column":46}},"5":{"start":{"line":6,"column":0},"end":{"line":6,"column":0}},"6":{"start":{"line":7,"column":0},"end":{"line":7,"column":0}},"7":{"start":{"line":8,"column":0},"end":{"line":8,"column":2}},"8":{"start":{"line":9,"column":0},"end":{"line":9,"column":36}},"9":{"start":{"line":10,"column":0},"end":{"line":10,"column":34}},"10":{"start":{"line":11,"column":0},"end":{"line":11,"column":11}},"11":{"start":{"line":12,"column":0},"end":{"line":12,"column":45}},"12":{"start":{"line":13,"column":0},"end":{"line":13,"column":5}},"13":{"start":{"line":14,"column":0},"end":{"line":14,"column":1}},"14":{"start":{"line":15,"column":0},"end":{"line":15,"column":0}},"15":{"start":{"line":16,"column":0},"end":{"line":16,"column":0}},"16":{"start":{"line":17,"column":0},"end":{"line":17,"column":34}},"17":{"start":{"line":18,"column":0},"end":{"line":18,"column":34}},"18":{"start":{"line":19,"column":0},"end":{"line":19,"column":11}},"19":{"start":{"line":20,"column":0},"end":{"line":20,"column":6}},"20":{"start":{"line":21,"column":0},"end":{"line":21,"column":93}},"21":{"start":{"line":22,"column":0},"end":{"line":22,"column":5}},"22":{"start":{"line":23,"column":0},"end":{"line":23,"column":1}},"23":{"start":{"line":24,"column":0},"end":{"line":24,"column":0}},"24":{"start":{"line":25,"column":0},"end":{"line":25,"column":29}},"25":{"start":{"line":26,"column":0},"end":{"line":26,"column":41}},"26":{"start":{"line":27,"column":0},"end":{"line":27,"column":21}},"27":{"start":{"line":28,"column":0},"end":{"line":28,"column":76}},"28":{"start":{"line":29,"column":0},"end":{"line":29,"column":77}},"29":{"start":{"line":30,"column":0},"end":{"line":30,"column":10}},"30":{"start":{"line":31,"column":0},"end":{"line":31,"column":4}},"31":{"start":{"line":32,"column":0},"end":{"line":32,"column":35}},"32":{"start":{"line":33,"column":0},"end":{"line":33,"column":13}},"33":{"start":{"line":34,"column":0},"end":{"line":34,"column":4}},"34":{"start":{"line":35,"column":0},"end":{"line":35,"column":18}},"35":{"start":{"line":36,"column":0},"end":{"line":36,"column":1}},"36":{"start":{"line":37,"column":0},"end":{"line":37,"column":0}},"37":{"start":{"line":38,"column":0},"end":{"line":38,"column":59}},"38":{"start":{"line":39,"column":0},"end":{"line":39,"column":72}},"39":{"start":{"line":40,"column":0},"end":{"line":40,"column":19}},"40":{"start":{"line":41,"column":0},"end":{"line":41,"column":53}},"41":{"start":{"line":42,"column":0},"end":{"line":42,"column":15}},"42":{"start":{"line":43,"column":0},"end":{"line":43,"column":4}},"43":{"start":{"line":44,"column":0},"end":{"line":44,"column":0}},"44":{"start":{"line":45,"column":0},"end":{"line":45,"column":39}},"45":{"start":{"line":46,"column":0},"end":{"line":46,"column":24}},"46":{"start":{"line":47,"column":0},"end":{"line":47,"column":40}},"47":{"start":{"line":48,"column":0},"end":{"line":48,"column":40}},"48":{"start":{"line":49,"column":0},"end":{"line":49,"column":26}},"49":{"start":{"line":50,"column":0},"end":{"line":50,"column":4}},"50":{"start":{"line":51,"column":0},"end":{"line":51,"column":0}},"51":{"start":{"line":52,"column":0},"end":{"line":52,"column":26}},"52":{"start":{"line":53,"column":0},"end":{"line":53,"column":52}},"53":{"start":{"line":54,"column":0},"end":{"line":54,"column":42}},"54":{"start":{"line":55,"column":0},"end":{"line":55,"column":78}},"55":{"start":{"line":56,"column":0},"end":{"line":56,"column":31}},"56":{"start":{"line":57,"column":0},"end":{"line":57,"column":81}},"57":{"start":{"line":58,"column":0},"end":{"line":58,"column":81}},"58":{"start":{"line":59,"column":0},"end":{"line":59,"column":81}},"59":{"start":{"line":60,"column":0},"end":{"line":60,"column":78}},"60":{"start":{"line":61,"column":0},"end":{"line":61,"column":78}},"61":{"start":{"line":62,"column":0},"end":{"line":62,"column":2}},"62":{"start":{"line":63,"column":0},"end":{"line":63,"column":59}},"63":{"start":{"line":64,"column":0},"end":{"line":64,"column":79}},"64":{"start":{"line":65,"column":0},"end":{"line":65,"column":81}},"65":{"start":{"line":66,"column":0},"end":{"line":66,"column":81}},"66":{"start":{"line":67,"column":0},"end":{"line":67,"column":81}},"67":{"start":{"line":68,"column":0},"end":{"line":68,"column":79}},"68":{"start":{"line":69,"column":0},"end":{"line":69,"column":79}},"69":{"start":{"line":70,"column":0},"end":{"line":70,"column":130}},"70":{"start":{"line":71,"column":0},"end":{"line":71,"column":0}},"71":{"start":{"line":72,"column":0},"end":{"line":72,"column":105}},"72":{"start":{"line":73,"column":0},"end":{"line":73,"column":1}},"73":{"start":{"line":74,"column":0},"end":{"line":74,"column":0}},"74":{"start":{"line":75,"column":0},"end":{"line":75,"column":30}},"75":{"start":{"line":76,"column":0},"end":{"line":76,"column":13}},"76":{"start":{"line":77,"column":0},"end":{"line":77,"column":1}}},"s":{"0":1,"1":1,"2":1,"3":1,"4":1,"5":1,"6":1,"7":1,"8":1,"9":0,"10":0,"11":0,"12":0,"13":0,"14":1,"15":1,"16":1,"17":0,"18":0,"19":0,"20":0,"21":0,"22":0,"23":1,"24":1,"25":0,"26":0,"27":0,"28":0,"29":0,"30":0,"31":0,"32":0,"33":0,"34":0,"35":0,"36":1,"37":1,"38":0,"39":0,"40":0,"41":0,"42":0,"43":1,"44":1,"45":1,"46":1,"47":1,"48":1,"49":1,"50":1,"51":1,"52":1,"53":4,"54":4,"55":4,"56":4,"57":4,"58":4,"59":4,"60":4,"61":4,"62":4,"63":4,"64":4,"65":4,"66":4,"67":4,"68":4,"69":4,"70":4,"71":4,"72":4,"73":1,"74":1,"75":1,"76":1},"branchMap":{"0":{"type":"branch","line":45,"loc":{"start":{"line":45,"column":0},"end":{"line":50,"column":3}},"locations":[{"start":{"line":45,"column":0},"end":{"line":50,"column":3}}]},"1":{"type":"branch","line":50,"loc":{"start":{"line":50,"column":2},"end":{"line":50,"column":3}},"locations":[{"start":{"line":50,"column":2},"end":{"line":50,"column":3}}]},"2":{"type":"branch","line":53,"loc":{"start":{"line":53,"column":7},"end":{"line":73,"column":1}},"locations":[{"start":{"line":53,"column":7},"end":{"line":73,"column":1}}]},"3":{"type":"branch","line":55,"loc":{"start":{"line":55,"column":47},"end":{"line":55,"column":76}},"locations":[{"start":{"line":55,"column":47},"end":{"line":55,"column":76}}]},"4":{"type":"branch","line":57,"loc":{"start":{"line":57,"column":48},"end":{"line":57,"column":79}},"locations":[{"start":{"line":57,"column":48},"end":{"line":57,"column":79}}]},"5":{"type":"branch","line":58,"loc":{"start":{"line":58,"column":48},"end":{"line":58,"column":79}},"locations":[{"start":{"line":58,"column":48},"end":{"line":58,"column":79}}]},"6":{"type":"branch","line":59,"loc":{"start":{"line":59,"column":48},"end":{"line":59,"column":79}},"locations":[{"start":{"line":59,"column":48},"end":{"line":59,"column":79}}]},"7":{"type":"branch","line":60,"loc":{"start":{"line":60,"column":47},"end":{"line":60,"column":76}},"locations":[{"start":{"line":60,"column":47},"end":{"line":60,"column":76}}]},"8":{"type":"branch","line":61,"loc":{"start":{"line":61,"column":47},"end":{"line":61,"column":76}},"locations":[{"start":{"line":61,"column":47},"end":{"line":61,"column":76}}]},"9":{"type":"branch","line":64,"loc":{"start":{"line":64,"column":49},"end":{"line":64,"column":75}},"locations":[{"start":{"line":64,"column":49},"end":{"line":64,"column":75}}]},"10":{"type":"branch","line":65,"loc":{"start":{"line":65,"column":51},"end":{"line":65,"column":77}},"locations":[{"start":{"line":65,"column":51},"end":{"line":65,"column":77}}]},"11":{"type":"branch","line":66,"loc":{"start":{"line":66,"column":51},"end":{"line":66,"column":77}},"locations":[{"start":{"line":66,"column":51},"end":{"line":66,"column":77}}]},"12":{"type":"branch","line":67,"loc":{"start":{"line":67,"column":51},"end":{"line":67,"column":77}},"locations":[{"start":{"line":67,"column":51},"end":{"line":67,"column":77}}]},"13":{"type":"branch","line":68,"loc":{"start":{"line":68,"column":49},"end":{"line":68,"column":75}},"locations":[{"start":{"line":68,"column":49},"end":{"line":68,"column":75}}]},"14":{"type":"branch","line":69,"loc":{"start":{"line":69,"column":49},"end":{"line":69,"column":75}},"locations":[{"start":{"line":69,"column":49},"end":{"line":69,"column":75}}]},"15":{"type":"branch","line":73,"loc":{"start":{"line":73,"column":0},"end":{"line":73,"column":1}},"locations":[{"start":{"line":73,"column":0},"end":{"line":73,"column":1}}]},"16":{"type":"branch","line":75,"loc":{"start":{"line":75,"column":19},"end":{"line":77,"column":1}},"locations":[{"start":{"line":75,"column":19},"end":{"line":77,"column":1}}]},"17":{"type":"branch","line":77,"loc":{"start":{"line":77,"column":0},"end":{"line":77,"column":1}},"locations":[{"start":{"line":77,"column":0},"end":{"line":77,"column":1}}]}},"b":{"0":[1],"1":[1],"2":[4],"3":[40],"4":[44],"5":[48],"6":[40],"7":[40],"8":[36],"9":[17],"10":[18],"11":[18],"12":[16],"13":[14],"14":[13],"15":[4],"16":[1],"17":[1]},"fnMap":{"0":{"name":"PrivateRoutes","decl":{"start":{"line":9,"column":29},"end":{"line":14,"column":1}},"loc":{"start":{"line":9,"column":29},"end":{"line":14,"column":1}},"line":9},"1":{"name":"get","decl":{"start":{"line":14,"column":0},"end":{"line":14,"column":1}},"loc":{"start":{"line":14,"column":0},"end":{"line":14,"column":1}},"line":14},"2":{"name":"AdminRoutes","decl":{"start":{"line":17,"column":27},"end":{"line":23,"column":1}},"loc":{"start":{"line":17,"column":27},"end":{"line":23,"column":1}},"line":17},"3":{"name":"get","decl":{"start":{"line":23,"column":0},"end":{"line":23,"column":1}},"loc":{"start":{"line":23,"column":0},"end":{"line":23,"column":1}},"line":23},"4":{"name":"landDb","decl":{"start":{"line":25,"column":22},"end":{"line":36,"column":1}},"loc":{"start":{"line":25,"column":22},"end":{"line":36,"column":1}},"line":25},"5":{"name":"get","decl":{"start":{"line":36,"column":0},"end":{"line":36,"column":1}},"loc":{"start":{"line":36,"column":0},"end":{"line":36,"column":1}},"line":36},"6":{"name":"getCollectionIds","decl":{"start":{"line":38,"column":32},"end":{"line":43,"column":4}},"loc":{"start":{"line":38,"column":32},"end":{"line":43,"column":4}},"line":38},"7":{"name":"get","decl":{"start":{"line":43,"column":2},"end":{"line":43,"column":4}},"loc":{"start":{"line":43,"column":2},"end":{"line":43,"column":4}},"line":43},"8":{"name":"getNorgeData","decl":{"start":{"line":45,"column":0},"end":{"line":50,"column":3}},"loc":{"start":{"line":45,"column":0},"end":{"line":50,"column":3}},"line":45},"9":{"name":"get","decl":{"start":{"line":50,"column":2},"end":{"line":50,"column":3}},"loc":{"start":{"line":50,"column":2},"end":{"line":50,"column":3}},"line":50},"10":{"name":"riskScoreCalc","decl":{"start":{"line":53,"column":7},"end":{"line":73,"column":1}},"loc":{"start":{"line":53,"column":7},"end":{"line":73,"column":1}},"line":53},"11":{"name":"get","decl":{"start":{"line":73,"column":0},"end":{"line":73,"column":1}},"loc":{"start":{"line":73,"column":0},"end":{"line":73,"column":1}},"line":73},"12":{"name":"sum","decl":{"start":{"line":75,"column":19},"end":{"line":77,"column":1}},"loc":{"start":{"line":75,"column":19},"end":{"line":77,"column":1}},"line":75},"13":{"name":"get","decl":{"start":{"line":77,"column":0},"end":{"line":77,"column":1}},"loc":{"start":{"line":77,"column":0},"end":{"line":77,"column":1}},"line":77}},"f":{"0":0,"1":0,"2":0,"3":0,"4":0,"5":0,"6":0,"7":0,"8":1,"9":1,"10":4,"11":4,"12":1,"13":1}}
,"D:\\prego\\src\\Tester\\testData.jsx": {"path":"D:\\prego\\src\\Tester\\testData.jsx","all":false,"statementMap":{"0":{"start":{"line":1,"column":0},"end":{"line":1,"column":0}},"1":{"start":{"line":2,"column":0},"end":{"line":2,"column":0}},"2":{"start":{"line":3,"column":0},"end":{"line":3,"column":27}},"3":{"start":{"line":4,"column":0},"end":{"line":4,"column":5}},"4":{"start":{"line":5,"column":0},"end":{"line":5,"column":22}},"5":{"start":{"line":6,"column":0},"end":{"line":6,"column":26}},"6":{"start":{"line":7,"column":0},"end":{"line":7,"column":27}},"7":{"start":{"line":8,"column":0},"end":{"line":8,"column":26}},"8":{"start":{"line":9,"column":0},"end":{"line":9,"column":27}},"9":{"start":{"line":10,"column":0},"end":{"line":10,"column":26}},"10":{"start":{"line":11,"column":0},"end":{"line":11,"column":25}},"11":{"start":{"line":12,"column":0},"end":{"line":12,"column":6}},"12":{"start":{"line":13,"column":0},"end":{"line":13,"column":5}},"13":{"start":{"line":14,"column":0},"end":{"line":14,"column":20}},"14":{"start":{"line":15,"column":0},"end":{"line":15,"column":26}},"15":{"start":{"line":16,"column":0},"end":{"line":16,"column":27}},"16":{"start":{"line":17,"column":0},"end":{"line":17,"column":27}},"17":{"start":{"line":18,"column":0},"end":{"line":18,"column":27}},"18":{"start":{"line":19,"column":0},"end":{"line":19,"column":26}},"19":{"start":{"line":20,"column":0},"end":{"line":20,"column":26}},"20":{"start":{"line":21,"column":0},"end":{"line":21,"column":6}},"21":{"start":{"line":22,"column":0},"end":{"line":22,"column":5}},"22":{"start":{"line":23,"column":0},"end":{"line":23,"column":24}},"23":{"start":{"line":24,"column":0},"end":{"line":24,"column":26}},"24":{"start":{"line":25,"column":0},"end":{"line":25,"column":27}},"25":{"start":{"line":26,"column":0},"end":{"line":26,"column":27}},"26":{"start":{"line":27,"column":0},"end":{"line":27,"column":27}},"27":{"start":{"line":28,"column":0},"end":{"line":28,"column":26}},"28":{"start":{"line":29,"column":0},"end":{"line":29,"column":26}},"29":{"start":{"line":30,"column":0},"end":{"line":30,"column":6}},"30":{"start":{"line":31,"column":0},"end":{"line":31,"column":5}},"31":{"start":{"line":32,"column":0},"end":{"line":32,"column":20}},"32":{"start":{"line":33,"column":0},"end":{"line":33,"column":26}},"33":{"start":{"line":34,"column":0},"end":{"line":34,"column":27}},"34":{"start":{"line":35,"column":0},"end":{"line":35,"column":27}},"35":{"start":{"line":36,"column":0},"end":{"line":36,"column":27}},"36":{"start":{"line":37,"column":0},"end":{"line":37,"column":26}},"37":{"start":{"line":38,"column":0},"end":{"line":38,"column":26}},"38":{"start":{"line":39,"column":0},"end":{"line":39,"column":6}},"39":{"start":{"line":40,"column":0},"end":{"line":40,"column":5}},"40":{"start":{"line":41,"column":0},"end":{"line":41,"column":22}},"41":{"start":{"line":42,"column":0},"end":{"line":42,"column":26}},"42":{"start":{"line":43,"column":0},"end":{"line":43,"column":27}},"43":{"start":{"line":44,"column":0},"end":{"line":44,"column":27}},"44":{"start":{"line":45,"column":0},"end":{"line":45,"column":27}},"45":{"start":{"line":46,"column":0},"end":{"line":46,"column":26}},"46":{"start":{"line":47,"column":0},"end":{"line":47,"column":26}},"47":{"start":{"line":48,"column":0},"end":{"line":48,"column":6}},"48":{"start":{"line":49,"column":0},"end":{"line":49,"column":5}},"49":{"start":{"line":50,"column":0},"end":{"line":50,"column":20}},"50":{"start":{"line":51,"column":0},"end":{"line":51,"column":25}},"51":{"start":{"line":52,"column":0},"end":{"line":52,"column":27}},"52":{"start":{"line":53,"column":0},"end":{"line":53,"column":27}},"53":{"start":{"line":54,"column":0},"end":{"line":54,"column":27}},"54":{"start":{"line":55,"column":0},"end":{"line":55,"column":26}},"55":{"start":{"line":56,"column":0},"end":{"line":56,"column":26}},"56":{"start":{"line":57,"column":0},"end":{"line":57,"column":5}},"57":{"start":{"line":58,"column":0},"end":{"line":58,"column":1}}},"s":{"0":1,"1":1,"2":1,"3":1,"4":1,"5":1,"6":1,"7":1,"8":1,"9":1,"10":1,"11":1,"12":1,"13":1,"14":1,"15":1,"16":1,"17":1,"18":1,"19":1,"20":1,"21":1,"22":1,"23":1,"24":1,"25":1,"26":1,"27":1,"28":1,"29":1,"30":1,"31":1,"32":1,"33":1,"34":1,"35":1,"36":1,"37":1,"38":1,"39":1,"40":1,"41":1,"42":1,"43":1,"44":1,"45":1,"46":1,"47":1,"48":1,"49":1,"50":1,"51":1,"52":1,"53":1,"54":1,"55":1,"56":1,"57":4},"branchMap":{"0":{"type":"branch","line":58,"loc":{"start":{"line":58,"column":0},"end":{"line":58,"column":1}},"locations":[{"start":{"line":58,"column":0},"end":{"line":58,"column":1}}]}},"b":{"0":[4]},"fnMap":{"0":{"name":"get","decl":{"start":{"line":58,"column":0},"end":{"line":58,"column":1}},"loc":{"start":{"line":58,"column":0},"end":{"line":58,"column":1}},"line":58}},"f":{"0":4}}
,"D:\\prego\\src\\config\\firebase-config.js": {"path":"D:\\prego\\src\\config\\firebase-config.js","all":false,"statementMap":{"0":{"start":{"line":1,"column":0},"end":{"line":1,"column":55}},"1":{"start":{"line":2,"column":0},"end":{"line":2,"column":45}},"2":{"start":{"line":3,"column":0},"end":{"line":3,"column":38}},"3":{"start":{"line":4,"column":0},"end":{"line":4,"column":48}},"4":{"start":{"line":5,"column":0},"end":{"line":5,"column":60}},"5":{"start":{"line":6,"column":0},"end":{"line":6,"column":65}},"6":{"start":{"line":7,"column":0},"end":{"line":7,"column":0}},"7":{"start":{"line":8,"column":0},"end":{"line":8,"column":40}},"8":{"start":{"line":9,"column":0},"end":{"line":9,"column":67}},"9":{"start":{"line":10,"column":0},"end":{"line":10,"column":24}},"10":{"start":{"line":11,"column":0},"end":{"line":11,"column":52}},"11":{"start":{"line":12,"column":0},"end":{"line":12,"column":44}},"12":{"start":{"line":13,"column":0},"end":{"line":13,"column":27}},"13":{"start":{"line":14,"column":0},"end":{"line":14,"column":43}},"14":{"start":{"line":15,"column":0},"end":{"line":15,"column":36}},"15":{"start":{"line":16,"column":0},"end":{"line":16,"column":53}},"16":{"start":{"line":17,"column":0},"end":{"line":17,"column":31}},"17":{"start":{"line":18,"column":0},"end":{"line":18,"column":2}},"18":{"start":{"line":19,"column":0},"end":{"line":19,"column":0}},"19":{"start":{"line":20,"column":0},"end":{"line":20,"column":22}},"20":{"start":{"line":21,"column":0},"end":{"line":21,"column":42}},"21":{"start":{"line":22,"column":0},"end":{"line":22,"column":32}},"22":{"start":{"line":23,"column":0},"end":{"line":23,"column":36}}},"s":{"0":1,"1":1,"2":1,"3":1,"4":1,"5":1,"6":1,"7":1,"8":1,"9":1,"10":1,"11":1,"12":1,"13":1,"14":1,"15":1,"16":1,"17":1,"18":1,"19":1,"20":1,"21":1,"22":1},"branchMap":{},"b":{},"fnMap":{},"f":{}}
}
